<?xml version="1.0" encoding="UTF-8"?>
<robot generator="Robot 3.1.2 (Python 3.7.5 on win32)" generated="20230512 12:06:29.243" rpa="false">
<suite id="s1" name="nopCommerceProject" source="C:\Users\UdhayaParanthaman\eclipse-workspace\RobotProjects\nopCommerceProject">
<suite id="s1-s1" name="TestSuite" source="C:\Users\UdhayaParanthaman\eclipse-workspace\RobotProjects\nopCommerceProject\TestSuite">
<suite id="s1-s1-s1" name="Register" source="C:\Users\UdhayaParanthaman\eclipse-workspace\RobotProjects\nopCommerceProject\TestSuite\Register.robot">
<test id="s1-s1-s1-t1" name="Register User and Validating Registration details">
<kw name="Open Browser" library="SeleniumLibrary" type="setup">
<doc>Opens a new browser instance to the given ``url``.</doc>
<arguments>
<arg>${url}</arg>
<arg>${browserName}</arg>
</arguments>
<msg timestamp="20230512 12:06:30.075" level="INFO">Opening browser 'Chrome' to base url 'https://demo.nopcommerce.com/'.</msg>
<status status="PASS" starttime="20230512 12:06:30.074" endtime="20230512 12:06:40.156"></status>
</kw>
<kw name="Maximize Browser Window" library="SeleniumLibrary">
<doc>Maximizes current browser window.</doc>
<status status="PASS" starttime="20230512 12:06:40.157" endtime="20230512 12:06:40.279"></status>
</kw>
<kw name="Wait Until Element Is Visible" library="SeleniumLibrary">
<doc>Waits until element ``locator`` is visible.</doc>
<arguments>
<arg>${img_demoStore}</arg>
</arguments>
<status status="PASS" starttime="20230512 12:06:40.279" endtime="20230512 12:06:40.301"></status>
</kw>
<kw name="Click Link" library="SeleniumLibrary">
<doc>Clicks a link identified by ``locator``.</doc>
<arguments>
<arg>${lnk_register}</arg>
</arguments>
<msg timestamp="20230512 12:06:40.302" level="INFO">Clicking link '//a[@class='ico-register']'.</msg>
<status status="PASS" starttime="20230512 12:06:40.301" endtime="20230512 12:06:41.281"></status>
</kw>
<kw name="Select Radio Button" library="SeleniumLibrary">
<doc>Sets radio button group ``group_name`` to ``value``.</doc>
<arguments>
<arg>${rdBtn_name}</arg>
<arg>${genderName}</arg>
</arguments>
<msg timestamp="20230512 12:06:41.282" level="INFO">Selecting 'F' from radio button 'Gender'.</msg>
<status status="PASS" starttime="20230512 12:06:41.281" endtime="20230512 12:06:41.354"></status>
</kw>
<kw name="First Name" library="FakerLibrary">
<assign>
<var>${firstName}</var>
</assign>
<msg timestamp="20230512 12:06:41.355" level="INFO">${firstName} = Susan</msg>
<status status="PASS" starttime="20230512 12:06:41.354" endtime="20230512 12:06:41.355"></status>
</kw>
<kw name="Input Text" library="SeleniumLibrary">
<doc>Types the given ``text`` into text field identified by ``locator``.</doc>
<arguments>
<arg>${txt_fName}</arg>
<arg>${firstName}</arg>
</arguments>
<msg timestamp="20230512 12:06:41.355" level="INFO">Typing text 'Susan' into text field 'FirstName'.</msg>
<status status="PASS" starttime="20230512 12:06:41.355" endtime="20230512 12:06:41.453"></status>
</kw>
<kw name="Last Name" library="FakerLibrary">
<assign>
<var>${lastName}</var>
</assign>
<msg timestamp="20230512 12:06:41.454" level="INFO">${lastName} = Nelson</msg>
<status status="PASS" starttime="20230512 12:06:41.453" endtime="20230512 12:06:41.454"></status>
</kw>
<kw name="Input Text" library="SeleniumLibrary">
<doc>Types the given ``text`` into text field identified by ``locator``.</doc>
<arguments>
<arg>${txt_lName}</arg>
<arg>${lastName}</arg>
</arguments>
<msg timestamp="20230512 12:06:41.454" level="INFO">Typing text 'Nelson' into text field 'LastName'.</msg>
<status status="PASS" starttime="20230512 12:06:41.454" endtime="20230512 12:06:41.539"></status>
</kw>
<kw name="Month Name" library="FakerLibrary">
<assign>
<var>${monthIndex}</var>
</assign>
<msg timestamp="20230512 12:06:41.540" level="INFO">${monthIndex} = February</msg>
<status status="PASS" starttime="20230512 12:06:41.540" endtime="20230512 12:06:41.540"></status>
</kw>
<kw name="Year" library="FakerLibrary">
<assign>
<var>${yearIndex}</var>
</assign>
<msg timestamp="20230512 12:06:41.541" level="INFO">${yearIndex} = 1998</msg>
<status status="PASS" starttime="20230512 12:06:41.540" endtime="20230512 12:06:41.541"></status>
</kw>
<kw name="Select From List By Label" library="SeleniumLibrary">
<doc>Selects options from selection list ``locator`` by ``labels``.</doc>
<arguments>
<arg>${date_locator}</arg>
<arg>${dateIndex}</arg>
</arguments>
<msg timestamp="20230512 12:06:41.543" level="INFO">Selecting options from selection list 'DateOfBirthDay' by label 1.</msg>
<status status="PASS" starttime="20230512 12:06:41.542" endtime="20230512 12:06:41.617"></status>
</kw>
<kw name="Select From List By Label" library="SeleniumLibrary">
<doc>Selects options from selection list ``locator`` by ``labels``.</doc>
<arguments>
<arg>${month_locator}</arg>
<arg>${monthIndex}</arg>
</arguments>
<msg timestamp="20230512 12:06:41.618" level="INFO">Selecting options from selection list 'DateOfBirthMonth' by label February.</msg>
<status status="PASS" starttime="20230512 12:06:41.618" endtime="20230512 12:06:41.688"></status>
</kw>
<kw name="Select From List By Value" library="SeleniumLibrary">
<doc>Selects options from selection list ``locator`` by ``values``.</doc>
<arguments>
<arg>${year_locator}</arg>
<arg>${yearIndex}</arg>
</arguments>
<msg timestamp="20230512 12:06:41.690" level="INFO">Selecting options from selection list 'DateOfBirthYear' by value 1998.</msg>
<status status="PASS" starttime="20230512 12:06:41.689" endtime="20230512 12:06:41.753"></status>
</kw>
<kw name="Email" library="FakerLibrary">
<assign>
<var>${email}</var>
</assign>
<msg timestamp="20230512 12:06:41.755" level="INFO">${email} = priscillamartin@example.net</msg>
<status status="PASS" starttime="20230512 12:06:41.754" endtime="20230512 12:06:41.755"></status>
</kw>
<kw name="Input Text" library="SeleniumLibrary">
<doc>Types the given ``text`` into text field identified by ``locator``.</doc>
<arguments>
<arg>${txt_email}</arg>
<arg>${email}</arg>
</arguments>
<msg timestamp="20230512 12:06:41.756" level="INFO">Typing text 'priscillamartin@example.net' into text field 'Email'.</msg>
<status status="PASS" starttime="20230512 12:06:41.755" endtime="20230512 12:06:41.874"></status>
</kw>
<kw name="Company" library="FakerLibrary">
<doc>:example: 'Acme Ltd'</doc>
<assign>
<var>${company}</var>
</assign>
<msg timestamp="20230512 12:06:41.875" level="INFO">${company} = Townsend, Riley and Smith</msg>
<status status="PASS" starttime="20230512 12:06:41.875" endtime="20230512 12:06:41.876"></status>
</kw>
<kw name="Input Text" library="SeleniumLibrary">
<doc>Types the given ``text`` into text field identified by ``locator``.</doc>
<arguments>
<arg>${txt_company}</arg>
<arg>${company}</arg>
</arguments>
<msg timestamp="20230512 12:06:41.876" level="INFO">Typing text 'Townsend, Riley and Smith' into text field 'Company'.</msg>
<status status="PASS" starttime="20230512 12:06:41.876" endtime="20230512 12:06:41.989"></status>
</kw>
<kw name="Input Password" library="SeleniumLibrary">
<doc>Types the given password into text field identified by ``locator``.</doc>
<arguments>
<arg>${txt_password}</arg>
<arg>${password}</arg>
</arguments>
<msg timestamp="20230512 12:06:41.990" level="INFO">Typing password into text field 'Password'.</msg>
<status status="PASS" starttime="20230512 12:06:41.990" endtime="20230512 12:06:42.072"></status>
</kw>
<kw name="Input Password" library="SeleniumLibrary">
<doc>Types the given password into text field identified by ``locator``.</doc>
<arguments>
<arg>${txt_cnfPassword}</arg>
<arg>${confirmPassword}</arg>
</arguments>
<msg timestamp="20230512 12:06:42.072" level="INFO">Typing password into text field 'ConfirmPassword'.</msg>
<status status="PASS" starttime="20230512 12:06:42.072" endtime="20230512 12:06:42.162"></status>
</kw>
<kw name="Should Be Equal" library="BuiltIn">
<doc>Fails if the given objects are unequal.</doc>
<arguments>
<arg>${password}</arg>
<arg>${confirmPassword}</arg>
</arguments>
<status status="PASS" starttime="20230512 12:06:42.163" endtime="20230512 12:06:42.164"></status>
</kw>
<kw name="Click Button" library="SeleniumLibrary">
<doc>Clicks button identified by ``locator``.</doc>
<arguments>
<arg>${register_btn}</arg>
</arguments>
<msg timestamp="20230512 12:06:42.164" level="INFO">Clicking button 'register-button'.</msg>
<status status="PASS" starttime="20230512 12:06:42.164" endtime="20230512 12:06:42.888"></status>
</kw>
<kw name="Wait Until Page Contains" library="SeleniumLibrary">
<doc>Waits until ``text`` appears on current page.</doc>
<arguments>
<arg>${successRegisterPagetxt}</arg>
</arguments>
<status status="PASS" starttime="20230512 12:06:42.888" endtime="20230512 12:06:42.902"></status>
</kw>
<kw name="Capture Page Screenshot" library="SeleniumLibrary">
<doc>Takes screenshot of the current page and embeds it into log file.</doc>
<arguments>
<arg>C:/Users/UdhayaParanthaman/eclipse-workspace/RobotProjects/nopCommerceProject/result/screenshot.png</arg>
</arguments>
<msg timestamp="20230512 12:06:43.032" level="INFO" html="yes">&lt;/td&gt;&lt;/tr&gt;&lt;tr&gt;&lt;td colspan="3"&gt;&lt;a href="result/screenshot.png"&gt;&lt;img src="result/screenshot.png" width="800px"&gt;&lt;/a&gt;</msg>
<status status="PASS" starttime="20230512 12:06:42.902" endtime="20230512 12:06:43.032"></status>
</kw>
<kw name="Close Browser" library="SeleniumLibrary" type="teardown">
<doc>Closes the current browser.</doc>
<status status="PASS" starttime="20230512 12:06:43.032" endtime="20230512 12:06:45.145"></status>
</kw>
<status status="PASS" starttime="20230512 12:06:30.072" endtime="20230512 12:06:45.146" critical="yes"></status>
</test>
<doc>This file is for registering account</doc>
<status status="PASS" starttime="20230512 12:06:29.344" endtime="20230512 12:06:45.147"></status>
</suite>
<status status="PASS" starttime="20230512 12:06:29.340" endtime="20230512 12:06:45.152"></status>
</suite>
<status status="PASS" starttime="20230512 12:06:29.322" endtime="20230512 12:06:45.154"></status>
</suite>
<statistics>
<total>
<stat pass="1" fail="0">Critical Tests</stat>
<stat pass="1" fail="0">All Tests</stat>
</total>
<tag>
</tag>
<suite>
<stat pass="1" fail="0" id="s1" name="nopCommerceProject">nopCommerceProject</stat>
<stat pass="1" fail="0" id="s1-s1" name="TestSuite">nopCommerceProject.TestSuite</stat>
<stat pass="1" fail="0" id="s1-s1-s1" name="Register">nopCommerceProject.TestSuite.Register</stat>
</suite>
</statistics>
<errors>
</errors>
</robot>
