<?xml version="1.0" encoding="UTF-8"?>
<robot generator="Robot 3.1.2 (Python 3.7.5 on win32)" generated="20230511 18:32:06.504" rpa="false">
<suite id="s1" name="nopCommerceProject" source="C:\Users\UdhayaParanthaman\eclipse-workspace\RobotProjects\nopCommerceProject">
<suite id="s1-s1" name="TestSuite" source="C:\Users\UdhayaParanthaman\eclipse-workspace\RobotProjects\nopCommerceProject\TestSuite">
<suite id="s1-s1-s1" name="Register" source="C:\Users\UdhayaParanthaman\eclipse-workspace\RobotProjects\nopCommerceProject\TestSuite\Register.robot">
<test id="s1-s1-s1-t1" name="Register User and Validating Registration details">
<kw name="Open Browser" library="SeleniumLibrary" type="setup">
<doc>Opens a new browser instance to the given ``url``.</doc>
<arguments>
<arg>${url}</arg>
<arg>${browserName}</arg>
</arguments>
<msg timestamp="20230511 18:32:07.121" level="INFO">Opening browser 'Chrome' to base url 'https://demo.nopcommerce.com/'.</msg>
<status status="PASS" starttime="20230511 18:32:07.121" endtime="20230511 18:32:15.723"></status>
</kw>
<kw name="Maximize Browser Window" library="SeleniumLibrary">
<doc>Maximizes current browser window.</doc>
<status status="PASS" starttime="20230511 18:32:15.724" endtime="20230511 18:32:15.868"></status>
</kw>
<kw name="Wait Until Element Is Visible" library="SeleniumLibrary">
<doc>Waits until element ``locator`` is visible.</doc>
<arguments>
<arg>${img_demoStore}</arg>
</arguments>
<status status="PASS" starttime="20230511 18:32:15.869" endtime="20230511 18:32:15.918"></status>
</kw>
<kw name="Click Link" library="SeleniumLibrary">
<doc>Clicks a link identified by ``locator``.</doc>
<arguments>
<arg>${lnk_register}</arg>
</arguments>
<msg timestamp="20230511 18:32:15.921" level="INFO">Clicking link '//a[@class='ico-register']'.</msg>
<status status="PASS" starttime="20230511 18:32:15.920" endtime="20230511 18:32:16.450"></status>
</kw>
<kw name="Select Radio Button" library="SeleniumLibrary">
<doc>Sets radio button group ``group_name`` to ``value``.</doc>
<arguments>
<arg>${rdBtn_name}</arg>
<arg>${genderName}</arg>
</arguments>
<msg timestamp="20230511 18:32:16.450" level="INFO">Selecting 'F' from radio button 'Gender'.</msg>
<status status="PASS" starttime="20230511 18:32:16.450" endtime="20230511 18:32:16.559"></status>
</kw>
<kw name="First Name" library="FakerLibrary">
<assign>
<var>${firstName}</var>
</assign>
<msg timestamp="20230511 18:32:16.560" level="INFO">${firstName} = Cynthia</msg>
<status status="PASS" starttime="20230511 18:32:16.559" endtime="20230511 18:32:16.560"></status>
</kw>
<kw name="Input Text" library="SeleniumLibrary">
<doc>Types the given ``text`` into text field identified by ``locator``.</doc>
<arguments>
<arg>${txt_fName}</arg>
<arg>${firstName}</arg>
</arguments>
<msg timestamp="20230511 18:32:16.561" level="INFO">Typing text 'Cynthia' into text field 'FirstName'.</msg>
<status status="PASS" starttime="20230511 18:32:16.560" endtime="20230511 18:32:16.730"></status>
</kw>
<kw name="Last Name" library="FakerLibrary">
<assign>
<var>${lastName}</var>
</assign>
<msg timestamp="20230511 18:32:16.731" level="INFO">${lastName} = Hughes</msg>
<status status="PASS" starttime="20230511 18:32:16.731" endtime="20230511 18:32:16.732"></status>
</kw>
<kw name="Input Text" library="SeleniumLibrary">
<doc>Types the given ``text`` into text field identified by ``locator``.</doc>
<arguments>
<arg>${txt_lName}</arg>
<arg>${lastName}</arg>
</arguments>
<msg timestamp="20230511 18:32:16.732" level="INFO">Typing text 'Hughes' into text field 'LastName'.</msg>
<status status="PASS" starttime="20230511 18:32:16.732" endtime="20230511 18:32:16.826"></status>
</kw>
<kw name="Month Name" library="FakerLibrary">
<assign>
<var>${monthIndex}</var>
</assign>
<msg timestamp="20230511 18:32:16.827" level="INFO">${monthIndex} = June</msg>
<status status="PASS" starttime="20230511 18:32:16.826" endtime="20230511 18:32:16.827"></status>
</kw>
<kw name="Year" library="FakerLibrary">
<assign>
<var>${yearIndex}</var>
</assign>
<msg timestamp="20230511 18:32:16.828" level="INFO">${yearIndex} = 1998</msg>
<status status="PASS" starttime="20230511 18:32:16.827" endtime="20230511 18:32:16.828"></status>
</kw>
<kw name="Select From List By Label" library="SeleniumLibrary">
<doc>Selects options from selection list ``locator`` by ``labels``.</doc>
<arguments>
<arg>${date_locator}</arg>
<arg>${dateIndex}</arg>
</arguments>
<msg timestamp="20230511 18:32:16.830" level="INFO">Selecting options from selection list 'DateOfBirthDay' by label 1.</msg>
<status status="PASS" starttime="20230511 18:32:16.828" endtime="20230511 18:32:16.941"></status>
</kw>
<kw name="Select From List By Label" library="SeleniumLibrary">
<doc>Selects options from selection list ``locator`` by ``labels``.</doc>
<arguments>
<arg>${month_locator}</arg>
<arg>${monthIndex}</arg>
</arguments>
<msg timestamp="20230511 18:32:16.941" level="INFO">Selecting options from selection list 'DateOfBirthMonth' by label June.</msg>
<status status="PASS" starttime="20230511 18:32:16.941" endtime="20230511 18:32:17.042"></status>
</kw>
<kw name="Select From List By Value" library="SeleniumLibrary">
<doc>Selects options from selection list ``locator`` by ``values``.</doc>
<arguments>
<arg>${year_locator}</arg>
<arg>${yearIndex}</arg>
</arguments>
<msg timestamp="20230511 18:32:17.043" level="INFO">Selecting options from selection list 'DateOfBirthYear' by value 1998.</msg>
<status status="PASS" starttime="20230511 18:32:17.042" endtime="20230511 18:32:17.143"></status>
</kw>
<kw name="Email" library="FakerLibrary">
<assign>
<var>${email}</var>
</assign>
<msg timestamp="20230511 18:32:17.145" level="INFO">${email} = gary95@example.org</msg>
<status status="PASS" starttime="20230511 18:32:17.144" endtime="20230511 18:32:17.145"></status>
</kw>
<kw name="Input Text" library="SeleniumLibrary">
<doc>Types the given ``text`` into text field identified by ``locator``.</doc>
<arguments>
<arg>${txt_email}</arg>
<arg>${email}</arg>
</arguments>
<msg timestamp="20230511 18:32:17.145" level="INFO">Typing text 'gary95@example.org' into text field 'Email'.</msg>
<status status="PASS" starttime="20230511 18:32:17.145" endtime="20230511 18:32:17.325"></status>
</kw>
<kw name="Company" library="FakerLibrary">
<doc>:example: 'Acme Ltd'</doc>
<assign>
<var>${company}</var>
</assign>
<msg timestamp="20230511 18:32:17.325" level="INFO">${company} = Daniels Inc</msg>
<status status="PASS" starttime="20230511 18:32:17.325" endtime="20230511 18:32:17.326"></status>
</kw>
<kw name="Input Text" library="SeleniumLibrary">
<doc>Types the given ``text`` into text field identified by ``locator``.</doc>
<arguments>
<arg>${txt_company}</arg>
<arg>${company}</arg>
</arguments>
<msg timestamp="20230511 18:32:17.326" level="INFO">Typing text 'Daniels Inc' into text field 'Company'.</msg>
<status status="PASS" starttime="20230511 18:32:17.326" endtime="20230511 18:32:17.419"></status>
</kw>
<kw name="Input Password" library="SeleniumLibrary">
<doc>Types the given password into text field identified by ``locator``.</doc>
<arguments>
<arg>${txt_password}</arg>
<arg>${password}</arg>
</arguments>
<msg timestamp="20230511 18:32:17.420" level="INFO">Typing password into text field 'Password'.</msg>
<status status="PASS" starttime="20230511 18:32:17.420" endtime="20230511 18:32:17.583"></status>
</kw>
<kw name="Input Password" library="SeleniumLibrary">
<doc>Types the given password into text field identified by ``locator``.</doc>
<arguments>
<arg>${txt_cnfPassword}</arg>
<arg>${confirmPassword}</arg>
</arguments>
<msg timestamp="20230511 18:32:17.584" level="INFO">Typing password into text field 'ConfirmPassword'.</msg>
<status status="PASS" starttime="20230511 18:32:17.584" endtime="20230511 18:32:17.732"></status>
</kw>
<kw name="Should Be Equal" library="BuiltIn">
<doc>Fails if the given objects are unequal.</doc>
<arguments>
<arg>${password}</arg>
<arg>${confirmPassword}</arg>
</arguments>
<status status="PASS" starttime="20230511 18:32:17.732" endtime="20230511 18:32:17.733"></status>
</kw>
<kw name="Click Button" library="SeleniumLibrary">
<doc>Clicks button identified by ``locator``.</doc>
<arguments>
<arg>${register_btn}</arg>
</arguments>
<msg timestamp="20230511 18:32:17.734" level="INFO">Clicking button 'register-button'.</msg>
<status status="PASS" starttime="20230511 18:32:17.734" endtime="20230511 18:32:18.539"></status>
</kw>
<kw name="Wait Until Page Contains" library="SeleniumLibrary">
<doc>Waits until ``text`` appears on current page.</doc>
<arguments>
<arg>${successRegisterPagetxt}</arg>
</arguments>
<status status="PASS" starttime="20230511 18:32:18.540" endtime="20230511 18:32:18.560"></status>
</kw>
<kw name="Capture Page Screenshot" library="SeleniumLibrary">
<doc>Takes screenshot of the current page and embeds it into log file.</doc>
<arguments>
<arg>C:/Users/UdhayaParanthaman/eclipse-workspace/RobotProjects/nopCommerceProject/result/screenshot.png</arg>
</arguments>
<msg timestamp="20230511 18:32:18.704" level="INFO" html="yes">&lt;/td&gt;&lt;/tr&gt;&lt;tr&gt;&lt;td colspan="3"&gt;&lt;a href="result/screenshot.png"&gt;&lt;img src="result/screenshot.png" width="800px"&gt;&lt;/a&gt;</msg>
<status status="PASS" starttime="20230511 18:32:18.560" endtime="20230511 18:32:18.705"></status>
</kw>
<kw name="Close Browser" library="SeleniumLibrary" type="teardown">
<doc>Closes the current browser.</doc>
<status status="PASS" starttime="20230511 18:32:18.705" endtime="20230511 18:32:20.832"></status>
</kw>
<status status="PASS" starttime="20230511 18:32:07.119" endtime="20230511 18:32:20.833" critical="yes"></status>
</test>
<test id="s1-s1-s1-t2" name="Register with incorrect data and validating">
<kw name="Open Browser" library="SeleniumLibrary" type="setup">
<doc>Opens a new browser instance to the given ``url``.</doc>
<arguments>
<arg>${url}</arg>
<arg>${browserName}</arg>
</arguments>
<msg timestamp="20230511 18:32:20.836" level="INFO">Opening browser 'Chrome' to base url 'https://demo.nopcommerce.com/'.</msg>
<status status="PASS" starttime="20230511 18:32:20.834" endtime="20230511 18:32:23.397"></status>
</kw>
<kw name="Maximize Browser Window" library="SeleniumLibrary">
<doc>Maximizes current browser window.</doc>
<status status="PASS" starttime="20230511 18:32:23.397" endtime="20230511 18:32:23.529"></status>
</kw>
<kw name="Wait Until Element Is Visible" library="SeleniumLibrary">
<doc>Waits until element ``locator`` is visible.</doc>
<arguments>
<arg>${img_demoStore}</arg>
</arguments>
<status status="PASS" starttime="20230511 18:32:23.530" endtime="20230511 18:32:23.582"></status>
</kw>
<kw name="Click Link" library="SeleniumLibrary">
<doc>Clicks a link identified by ``locator``.</doc>
<arguments>
<arg>${lnk_register}</arg>
</arguments>
<msg timestamp="20230511 18:32:23.583" level="INFO">Clicking link '//a[@class='ico-register']'.</msg>
<status status="PASS" starttime="20230511 18:32:23.582" endtime="20230511 18:32:24.143"></status>
</kw>
<kw name="Input Text" library="SeleniumLibrary">
<doc>Types the given ``text`` into text field identified by ``locator``.</doc>
<arguments>
<arg>${txt_fName}</arg>
<arg>${nameFirst}</arg>
</arguments>
<msg timestamp="20230511 18:32:24.144" level="INFO">Typing text ' ' into text field 'FirstName'.</msg>
<status status="PASS" starttime="20230511 18:32:24.143" endtime="20230511 18:32:24.285"></status>
</kw>
<kw name="Input Text" library="SeleniumLibrary">
<doc>Types the given ``text`` into text field identified by ``locator``.</doc>
<arguments>
<arg>${txt_lName}</arg>
<arg>${nameLast}</arg>
</arguments>
<msg timestamp="20230511 18:32:24.287" level="INFO">Typing text ' ' into text field 'LastName'.</msg>
<status status="PASS" starttime="20230511 18:32:24.285" endtime="20230511 18:32:24.384"></status>
</kw>
<kw name="Input Text" library="SeleniumLibrary">
<doc>Types the given ``text`` into text field identified by ``locator``.</doc>
<arguments>
<arg>${txt_email}</arg>
<arg>${invalidEmail}</arg>
</arguments>
<msg timestamp="20230511 18:32:24.384" level="INFO">Typing text 'gouse@gmail.com' into text field 'Email'.</msg>
<status status="PASS" starttime="20230511 18:32:24.384" endtime="20230511 18:32:24.552"></status>
</kw>
<kw name="Input Text" library="SeleniumLibrary">
<doc>Types the given ``text`` into text field identified by ``locator``.</doc>
<arguments>
<arg>${txt_company}</arg>
<arg>${invalidCompany}</arg>
</arguments>
<msg timestamp="20230511 18:32:24.552" level="INFO">Typing text 'Kumaran Systems Private Limited' into text field 'Company'.</msg>
<status status="PASS" starttime="20230511 18:32:24.552" endtime="20230511 18:32:24.660"></status>
</kw>
<kw name="Input Password" library="SeleniumLibrary">
<doc>Types the given password into text field identified by ``locator``.</doc>
<arguments>
<arg>${txt_password}</arg>
<arg>${invalidpassword}</arg>
</arguments>
<msg timestamp="20230511 18:32:24.661" level="INFO">Typing password into text field 'Password'.</msg>
<status status="PASS" starttime="20230511 18:32:24.661" endtime="20230511 18:32:24.735"></status>
</kw>
<kw name="Input Password" library="SeleniumLibrary">
<doc>Types the given password into text field identified by ``locator``.</doc>
<arguments>
<arg>${txt_password}</arg>
<arg>${invalidConfirmPassword}</arg>
</arguments>
<msg timestamp="20230511 18:32:24.735" level="INFO">Typing password into text field 'Password'.</msg>
<status status="PASS" starttime="20230511 18:32:24.735" endtime="20230511 18:32:24.861"></status>
</kw>
<kw name="Click Button" library="SeleniumLibrary">
<doc>Clicks button identified by ``locator``.</doc>
<arguments>
<arg>${register_btn}</arg>
</arguments>
<msg timestamp="20230511 18:32:24.862" level="INFO">Clicking button 'register-button'.</msg>
<status status="PASS" starttime="20230511 18:32:24.861" endtime="20230511 18:32:24.924"></status>
</kw>
<kw name="Close Browser" library="SeleniumLibrary" type="teardown">
<doc>Closes the current browser.</doc>
<status status="PASS" starttime="20230511 18:32:24.925" endtime="20230511 18:32:27.027"></status>
</kw>
<status status="PASS" starttime="20230511 18:32:20.833" endtime="20230511 18:32:27.027" critical="yes"></status>
</test>
<doc>This file is for registering account</doc>
<status status="PASS" starttime="20230511 18:32:06.593" endtime="20230511 18:32:27.028"></status>
</suite>
<status status="PASS" starttime="20230511 18:32:06.590" endtime="20230511 18:32:27.033"></status>
</suite>
<status status="PASS" starttime="20230511 18:32:06.575" endtime="20230511 18:32:27.035"></status>
</suite>
<statistics>
<total>
<stat pass="2" fail="0">Critical Tests</stat>
<stat pass="2" fail="0">All Tests</stat>
</total>
<tag>
</tag>
<suite>
<stat pass="2" fail="0" id="s1" name="nopCommerceProject">nopCommerceProject</stat>
<stat pass="2" fail="0" id="s1-s1" name="TestSuite">nopCommerceProject.TestSuite</stat>
<stat pass="2" fail="0" id="s1-s1-s1" name="Register">nopCommerceProject.TestSuite.Register</stat>
</suite>
</statistics>
<errors>
</errors>
</robot>
